Start testing: Apr 28 18:56 CDT
----------------------------------------------------------
1/2 Testing: test_file
1/2 Test: test_file
Command: "/home/ono/cs564/projects/p3/project-3/build/test_file"
Directory: /home/ono/cs564/projects/p3/project-3/build
"test_file" start time: Apr 28 18:56 CDT
Output:
----------------------------------------------------------
fileWriteRead passed.
fileWriteReadOffset passed.
fileWriteReadMultiple passed.
fileNumReadsWrites passed.
<end of output>
Test time =   0.01 sec
----------------------------------------------------------
Test Passed.
"test_file" end time: Apr 28 18:56 CDT
"test_file" time elapsed: 00:00:00
----------------------------------------------------------

2/2 Testing: test_join
2/2 Test: test_join
Command: "/home/ono/cs564/projects/p3/project-3/build/test_join"
Directory: /home/ono/cs564/projects/p3/project-3/build
"test_join" start time: Apr 28 18:56 CDT
Output:
----------------------------------------------------------
testJoinGetAlgorithm passed.
testCorrectness1 passed.
testCorrectness2 passed.
testCorrectness3 passed.
testCorrectness4 passed.
testCorrectness5 passed.
testCorrectness6 passed.
testIO1 passed.
testIO2 passed.
testIO3 passed.
testIO4 passed.
testIO5 passed.
testIO6 passed.
<end of output>
Test time =   5.18 sec
----------------------------------------------------------
Test Passed.
"test_join" end time: Apr 28 18:56 CDT
"test_join" time elapsed: 00:00:05
----------------------------------------------------------

End testing: Apr 28 18:56 CDT
